[2023-06-14 11:25:16] local.ERROR: SQLSTATE[HY000] [1045] Access denied for user 'root'@'localhost' (using password: NO) (Connection: mysql, SQL: select count(*) as aggregate from `users` where `email` = test1@example.com) {"exception":"[object] (Illuminate\\Database\\QueryException(code: 1045): SQLSTATE[HY000] [1045] Access denied for user 'root'@'localhost' (using password: NO) (Connection: mysql, SQL: select count(*) as aggregate from `users` where `email` = test1@example.com) at /var/www/clients/client0/web4/web/alumnado/curso2223/DAW/daw2223a21/agroware/vendor/laravel/framework/src/Illuminate/Database/Connection.php:760)
[stacktrace]
#0 /var/www/clients/client0/web4/web/alumnado/curso2223/DAW/daw2223a21/agroware/vendor/laravel/framework/src/Illuminate/Database/Connection.php(720): Illuminate\\Database\\Connection->runQueryCallback()
#1 /var/www/clients/client0/web4/web/alumnado/curso2223/DAW/daw2223a21/agroware/vendor/laravel/framework/src/Illuminate/Database/Connection.php(422): Illuminate\\Database\\Connection->run()
#2 /var/www/clients/client0/web4/web/alumnado/curso2223/DAW/daw2223a21/agroware/vendor/laravel/framework/src/Illuminate/Database/Query/Builder.php(2719): Illuminate\\Database\\Connection->select()
#3 /var/www/clients/client0/web4/web/alumnado/curso2223/DAW/daw2223a21/agroware/vendor/laravel/framework/src/Illuminate/Database/Query/Builder.php(2707): Illuminate\\Database\\Query\\Builder->runSelect()
#4 /var/www/clients/client0/web4/web/alumnado/curso2223/DAW/daw2223a21/agroware/vendor/laravel/framework/src/Illuminate/Database/Query/Builder.php(3247): Illuminate\\Database\\Query\\Builder->Illuminate\\Database\\Query\\{closure}()
#5 /var/www/clients/client0/web4/web/alumnado/curso2223/DAW/daw2223a21/agroware/vendor/laravel/framework/src/Illuminate/Database/Query/Builder.php(2708): Illuminate\\Database\\Query\\Builder->onceWithColumns()
#6 /var/www/clients/client0/web4/web/alumnado/curso2223/DAW/daw2223a21/agroware/vendor/laravel/framework/src/Illuminate/Database/Query/Builder.php(3174): Illuminate\\Database\\Query\\Builder->get()
#7 /var/www/clients/client0/web4/web/alumnado/curso2223/DAW/daw2223a21/agroware/vendor/laravel/framework/src/Illuminate/Database/Query/Builder.php(3102): Illuminate\\Database\\Query\\Builder->aggregate()
#8 /var/www/clients/client0/web4/web/alumnado/curso2223/DAW/daw2223a21/agroware/vendor/laravel/framework/src/Illuminate/Validation/DatabasePresenceVerifier.php(54): Illuminate\\Database\\Query\\Builder->count()
#9 /var/www/clients/client0/web4/web/alumnado/curso2223/DAW/daw2223a21/agroware/vendor/laravel/framework/src/Illuminate/Validation/Concerns/ValidatesAttributes.php(880): Illuminate\\Validation\\DatabasePresenceVerifier->getCount()
#10 /var/www/clients/client0/web4/web/alumnado/curso2223/DAW/daw2223a21/agroware/vendor/laravel/framework/src/Illuminate/Validation/Concerns/ValidatesAttributes.php(852): Illuminate\\Validation\\Validator->getExistCount()
#11 /var/www/clients/client0/web4/web/alumnado/curso2223/DAW/daw2223a21/agroware/vendor/laravel/framework/src/Illuminate/Validation/Validator.php(616): Illuminate\\Validation\\Validator->validateExists()
#12 /var/www/clients/client0/web4/web/alumnado/curso2223/DAW/daw2223a21/agroware/vendor/laravel/framework/src/Illuminate/Validation/Validator.php(422): Illuminate\\Validation\\Validator->validateAttribute()
#13 /var/www/clients/client0/web4/web/alumnado/curso2223/DAW/daw2223a21/agroware/vendor/laravel/framework/src/Illuminate/Validation/Validator.php(453): Illuminate\\Validation\\Validator->passes()
#14 /var/www/clients/client0/web4/web/alumnado/curso2223/DAW/daw2223a21/agroware/vendor/laravel/framework/src/Illuminate/Validation/Validator.php(495): Illuminate\\Validation\\Validator->fails()
#15 /var/www/clients/client0/web4/web/alumnado/curso2223/DAW/daw2223a21/agroware/vendor/laravel/framework/src/Illuminate/Foundation/Providers/FoundationServiceProvider.php(122): Illuminate\\Validation\\Validator->validate()
#16 /var/www/clients/client0/web4/web/alumnado/curso2223/DAW/daw2223a21/agroware/vendor/laravel/framework/src/Illuminate/Macroable/Traits/Macroable.php(124): Illuminate\\Http\\Request->Illuminate\\Foundation\\Providers\\{closure}()
#17 /var/www/clients/client0/web4/web/alumnado/curso2223/DAW/daw2223a21/agroware/app/Http/Controllers/SessionsController.php(18): Illuminate\\Http\\Request->__call()
#18 /var/www/clients/client0/web4/web/alumnado/curso2223/DAW/daw2223a21/agroware/vendor/laravel/framework/src/Illuminate/Routing/Controller.php(54): App\\Http\\Controllers\\SessionsController->store()
#19 /var/www/clients/client0/web4/web/alumnado/curso2223/DAW/daw2223a21/agroware/vendor/laravel/framework/src/Illuminate/Routing/ControllerDispatcher.php(43): Illuminate\\Routing\\Controller->callAction()
#20 /var/www/clients/client0/web4/web/alumnado/curso2223/DAW/daw2223a21/agroware/vendor/laravel/framework/src/Illuminate/Routing/Route.php(260): Illuminate\\Routing\\ControllerDispatcher->dispatch()
#21 /var/www/clients/client0/web4/web/alumnado/curso2223/DAW/daw2223a21/agroware/vendor/laravel/framework/src/Illuminate/Routing/Route.php(205): Illuminate\\Routing\\Route->runController()
#22 /var/www/clients/client0/web4/web/alumnado/curso2223/DAW/daw2223a21/agroware/vendor/laravel/framework/src/Illuminate/Routing/Router.php(798): Illuminate\\Routing\\Route->run()
#23 /var/www/clients/client0/web4/web/alumnado/curso2223/DAW/daw2223a21/agroware/vendor/laravel/framework/src/Illuminate/Pipeline/Pipeline.php(141): Illuminate\\Routing\\Router->Illuminate\\Routing\\{closure}()
#24 /var/www/clients/client0/web4/web/alumnado/curso2223/DAW/daw2223a21/agroware/app/Http/Middleware/RedirectIfAuthenticated.php(28): Illuminate\\Pipeline\\Pipeline->Illuminate\\Pipeline\\{closure}()
#25 /var/www/clients/client0/web4/web/alumnado/curso2223/DAW/daw2223a21/agroware/vendor/laravel/framework/src/Illuminate/Pipeline/Pipeline.php(180): App\\Http\\Middleware\\RedirectIfAuthenticated->handle()
#26 /var/www/clients/client0/web4/web/alumnado/curso2223/DAW/daw2223a21/agroware/app/Http/Middleware/SetLocale.php(22): Illuminate\\Pipeline\\Pipeline->Illuminate\\Pipeline\\{closure}()
#27 /var/www/clients/client0/web4/web/alumnado/curso2223/DAW/daw2223a21/agroware/vendor/laravel/framework/src/Illuminate/Pipeline/Pipeline.php(180): App\\Http\\Middleware\\SetLocale->handle()
#28 /var/www/clients/client0/web4/web/alumnado/curso2223/DAW/daw2223a21/agroware/vendor/laravel/framework/src/Illuminate/Routing/Middleware/SubstituteBindings.php(50): Illuminate\\Pipeline\\Pipeline->Illuminate\\Pipeline\\{closure}()
#29 /var/www/clients/client0/web4/web/alumnado/curso2223/DAW/daw2223a21/agroware/vendor/laravel/framework/src/Illuminate/Pipeline/Pipeline.php(180): Illuminate\\Routing\\Middleware\\SubstituteBindings->handle()
#30 /var/www/clients/client0/web4/web/alumnado/curso2223/DAW/daw2223a21/agroware/vendor/laravel/framework/src/Illuminate/Foundation/Http/Middleware/VerifyCsrfToken.php(78): Illuminate\\Pipeline\\Pipeline->Illuminate\\Pipeline\\{closure}()
#31 /var/www/clients/client0/web4/web/alumnado/curso2223/DAW/daw2223a21/agroware/vendor/laravel/framework/src/Illuminate/Pipeline/Pipeline.php(180): Illuminate\\Foundation\\Http\\Middleware\\VerifyCsrfToken->handle()
#32 /var/www/clients/client0/web4/web/alumnado/curso2223/DAW/daw2223a21/agroware/vendor/laravel/framework/src/Illuminate/View/Middleware/ShareErrorsFromSession.php(49): Illuminate\\Pipeline\\Pipeline->Illuminate\\Pipeline\\{closure}()
#33 /var/www/clients/client0/web4/web/alumnado/curso2223/DAW/daw2223a21/agroware/vendor/laravel/framework/src/Illuminate/Pipeline/Pipeline.php(180): Illuminate\\View\\Middleware\\ShareErrorsFromSession->handle()
#34 /var/www/clients/client0/web4/web/alumnado/curso2223/DAW/daw2223a21/agroware/vendor/laravel/framework/src/Illuminate/Session/Middleware/StartSession.php(121): Illuminate\\Pipeline\\Pipeline->Illuminate\\Pipeline\\{closure}()
#35 /var/www/clients/client0/web4/web/alumnado/curso2223/DAW/daw2223a21/agroware/vendor/laravel/framework/src/Illuminate/Session/Middleware/StartSession.php(64): Illuminate\\Session\\Middleware\\StartSession->handleStatefulRequest()
#36 /var/www/clients/client0/web4/web/alumnado/curso2223/DAW/daw2223a21/agroware/vendor/laravel/framework/src/Illuminate/Pipeline/Pipeline.php(180): Illuminate\\Session\\Middleware\\StartSession->handle()
#37 /var/www/clients/client0/web4/web/alumnado/curso2223/DAW/daw2223a21/agroware/vendor/laravel/framework/src/Illuminate/Cookie/Middleware/AddQueuedCookiesToResponse.php(37): Illuminate\\Pipeline\\Pipeline->Illuminate\\Pipeline\\{closure}()
#38 /var/www/clients/client0/web4/web/alumnado/curso2223/DAW/daw2223a21/agroware/vendor/laravel/framework/src/Illuminate/Pipeline/Pipeline.php(180): Illuminate\\Cookie\\Middleware\\AddQueuedCookiesToResponse->handle()
#39 /var/www/clients/client0/web4/web/alumnado/curso2223/DAW/daw2223a21/agroware/vendor/laravel/framework/src/Illuminate/Cookie/Middleware/EncryptCookies.php(67): Illuminate\\Pipeline\\Pipeline->Illuminate\\Pipeline\\{closure}()
#40 /var/www/clients/client0/web4/web/alumnado/curso2223/DAW/daw2223a21/agroware/vendor/laravel/framework/src/Illuminate/Pipeline/Pipeline.php(180): Illuminate\\Cookie\\Middleware\\EncryptCookies->handle()
#41 /var/www/clients/client0/web4/web/alumnado/curso2223/DAW/daw2223a21/agroware/vendor/laravel/framework/src/Illuminate/Pipeline/Pipeline.php(116): Illuminate\\Pipeline\\Pipeline->Illuminate\\Pipeline\\{closure}()
#42 /var/www/clients/client0/web4/web/alumnado/curso2223/DAW/daw2223a21/agroware/vendor/laravel/framework/src/Illuminate/Routing/Router.php(799): Illuminate\\Pipeline\\Pipeline->then()
#43 /var/www/clients/client0/web4/web/alumnado/curso2223/DAW/daw2223a21/agroware/vendor/laravel/framework/src/Illuminate/Routing/Router.php(776): Illuminate\\Routing\\Router->runRouteWithinStack()
#44 /var/www/clients/client0/web4/web/alumnado/curso2223/DAW/daw2223a21/agroware/vendor/laravel/framework/src/Illuminate/Routing/Router.php(740): Illuminate\\Routing\\Router->runRoute()
#45 /var/www/clients/client0/web4/web/alumnado/curso2223/DAW/daw2223a21/agroware/vendor/laravel/framework/src/Illuminate/Routing/Router.php(729): Illuminate\\Routing\\Router->dispatchToRoute()
#46 /var/www/clients/client0/web4/web/alumnado/curso2223/DAW/daw2223a21/agroware/vendor/laravel/framework/src/Illuminate/Foundation/Http/Kernel.php(200): Illuminate\\Routing\\Router->dispatch()
#47 /var/www/clients/client0/web4/web/alumnado/curso2223/DAW/daw2223a21/agroware/vendor/laravel/framework/src/Illuminate/Pipeline/Pipeline.php(141): Illuminate\\Foundation\\Http\\Kernel->Illuminate\\Foundation\\Http\\{closure}()
#48 /var/www/clients/client0/web4/web/alumnado/curso2223/DAW/daw2223a21/agroware/vendor/laravel/framework/src/Illuminate/Foundation/Http/Middleware/TransformsRequest.php(21): Illuminate\\Pipeline\\Pipeline->Illuminate\\Pipeline\\{closure}()
#49 /var/www/clients/client0/web4/web/alumnado/curso2223/DAW/daw2223a21/agroware/vendor/laravel/framework/src/Illuminate/Foundation/Http/Middleware/ConvertEmptyStringsToNull.php(31): Illuminate\\Foundation\\Http\\Middleware\\TransformsRequest->handle()
#50 /var/www/clients/client0/web4/web/alumnado/curso2223/DAW/daw2223a21/agroware/vendor/laravel/framework/src/Illuminate/Pipeline/Pipeline.php(180): Illuminate\\Foundation\\Http\\Middleware\\ConvertEmptyStringsToNull->handle()
#51 /var/www/clients/client0/web4/web/alumnado/curso2223/DAW/daw2223a21/agroware/vendor/laravel/framework/src/Illuminate/Foundation/Http/Middleware/TransformsRequest.php(21): Illuminate\\Pipeline\\Pipeline->Illuminate\\Pipeline\\{closure}()
#52 /var/www/clients/client0/web4/web/alumnado/curso2223/DAW/daw2223a21/agroware/vendor/laravel/framework/src/Illuminate/Foundation/Http/Middleware/TrimStrings.php(40): Illuminate\\Foundation\\Http\\Middleware\\TransformsRequest->handle()
#53 /var/www/clients/client0/web4/web/alumnado/curso2223/DAW/daw2223a21/agroware/vendor/laravel/framework/src/Illuminate/Pipeline/Pipeline.php(180): Illuminate\\Foundation\\Http\\Middleware\\TrimStrings->handle()
#54 /var/www/clients/client0/web4/web/alumnado/curso2223/DAW/daw2223a21/agroware/vendor/laravel/framework/src/Illuminate/Foundation/Http/Middleware/ValidatePostSize.php(27): Illuminate\\Pipeline\\Pipeline->Illuminate\\Pipeline\\{closure}()
#55 /var/www/clients/client0/web4/web/alumnado/curso2223/DAW/daw2223a21/agroware/vendor/laravel/framework/src/Illuminate/Pipeline/Pipeline.php(180): Illuminate\\Foundation\\Http\\Middleware\\ValidatePostSize->handle()
#56 /var/www/clients/client0/web4/web/alumnado/curso2223/DAW/daw2223a21/agroware/vendor/laravel/framework/src/Illuminate/Foundation/Http/Middleware/PreventRequestsDuringMaintenance.php(86): Illuminate\\Pipeline\\Pipeline->Illuminate\\Pipeline\\{closure}()
#57 /var/www/clients/client0/web4/web/alumnado/curso2223/DAW/daw2223a21/agroware/vendor/laravel/framework/src/Illuminate/Pipeline/Pipeline.php(180): Illuminate\\Foundation\\Http\\Middleware\\PreventRequestsDuringMaintenance->handle()
#58 /var/www/clients/client0/web4/web/alumnado/curso2223/DAW/daw2223a21/agroware/vendor/laravel/framework/src/Illuminate/Http/Middleware/HandleCors.php(49): Illuminate\\Pipeline\\Pipeline->Illuminate\\Pipeline\\{closure}()
#59 /var/www/clients/client0/web4/web/alumnado/curso2223/DAW/daw2223a21/agroware/vendor/laravel/framework/src/Illuminate/Pipeline/Pipeline.php(180): Illuminate\\Http\\Middleware\\HandleCors->handle()
#60 /var/www/clients/client0/web4/web/alumnado/curso2223/DAW/daw2223a21/agroware/vendor/laravel/framework/src/Illuminate/Http/Middleware/TrustProxies.php(39): Illuminate\\Pipeline\\Pipeline->Illuminate\\Pipeline\\{closure}()
#61 /var/www/clients/client0/web4/web/alumnado/curso2223/DAW/daw2223a21/agroware/vendor/laravel/framework/src/Illuminate/Pipeline/Pipeline.php(180): Illuminate\\Http\\Middleware\\TrustProxies->handle()
#62 /var/www/clients/client0/web4/web/alumnado/curso2223/DAW/daw2223a21/agroware/vendor/laravel/framework/src/Illuminate/Pipeline/Pipeline.php(116): Illuminate\\Pipeline\\Pipeline->Illuminate\\Pipeline\\{closure}()
#63 /var/www/clients/client0/web4/web/alumnado/curso2223/DAW/daw2223a21/agroware/vendor/laravel/framework/src/Illuminate/Foundation/Http/Kernel.php(175): Illuminate\\Pipeline\\Pipeline->then()
#64 /var/www/clients/client0/web4/web/alumnado/curso2223/DAW/daw2223a21/agroware/vendor/laravel/framework/src/Illuminate/Foundation/Http/Kernel.php(144): Illuminate\\Foundation\\Http\\Kernel->sendRequestThroughRouter()
#65 /var/www/clients/client0/web4/web/alumnado/curso2223/DAW/daw2223a21/agroware/public/index.php(52): Illuminate\\Foundation\\Http\\Kernel->handle()
#66 {main}

[previous exception] [object] (PDOException(code: 1045): SQLSTATE[HY000] [1045] Access denied for user 'root'@'localhost' (using password: NO) at /var/www/clients/client0/web4/web/alumnado/curso2223/DAW/daw2223a21/agroware/vendor/laravel/framework/src/Illuminate/Database/Connectors/Connector.php:65)
[stacktrace]
#0 /var/www/clients/client0/web4/web/alumnado/curso2223/DAW/daw2223a21/agroware/vendor/laravel/framework/src/Illuminate/Database/Connectors/Connector.php(65): PDO->__construct()
#1 /var/www/clients/client0/web4/web/alumnado/curso2223/DAW/daw2223a21/agroware/vendor/laravel/framework/src/Illuminate/Database/Connectors/Connector.php(45): Illuminate\\Database\\Connectors\\Connector->createPdoConnection()
#2 /var/www/clients/client0/web4/web/alumnado/curso2223/DAW/daw2223a21/agroware/vendor/laravel/framework/src/Illuminate/Database/Connectors/MySqlConnector.php(24): Illuminate\\Database\\Connectors\\Connector->createConnection()
#3 /var/www/clients/client0/web4/web/alumnado/curso2223/DAW/daw2223a21/agroware/vendor/laravel/framework/src/Illuminate/Database/Connectors/ConnectionFactory.php(184): Illuminate\\Database\\Connectors\\MySqlConnector->connect()
#4 [internal function]: Illuminate\\Database\\Connectors\\ConnectionFactory->Illuminate\\Database\\Connectors\\{closure}()
#5 /var/www/clients/client0/web4/web/alumnado/curso2223/DAW/daw2223a21/agroware/vendor/laravel/framework/src/Illuminate/Database/Connection.php(1177): call_user_func()
#6 /var/www/clients/client0/web4/web/alumnado/curso2223/DAW/daw2223a21/agroware/vendor/laravel/framework/src/Illuminate/Database/Connection.php(486): Illuminate\\Database\\Connection->getPdo()
#7 /var/www/clients/client0/web4/web/alumnado/curso2223/DAW/daw2223a21/agroware/vendor/laravel/framework/src/Illuminate/Database/Connection.php(414): Illuminate\\Database\\Connection->getPdoForSelect()
#8 /var/www/clients/client0/web4/web/alumnado/curso2223/DAW/daw2223a21/agroware/vendor/laravel/framework/src/Illuminate/Database/Connection.php(753): Illuminate\\Database\\Connection->Illuminate\\Database\\{closure}()
#9 /var/www/clients/client0/web4/web/alumnado/curso2223/DAW/daw2223a21/agroware/vendor/laravel/framework/src/Illuminate/Database/Connection.php(720): Illuminate\\Database\\Connection->runQueryCallback()
#10 /var/www/clients/client0/web4/web/alumnado/curso2223/DAW/daw2223a21/agroware/vendor/laravel/framework/src/Illuminate/Database/Connection.php(422): Illuminate\\Database\\Connection->run()
#11 /var/www/clients/client0/web4/web/alumnado/curso2223/DAW/daw2223a21/agroware/vendor/laravel/framework/src/Illuminate/Database/Query/Builder.php(2719): Illuminate\\Database\\Connection->select()
#12 /var/www/clients/client0/web4/web/alumnado/curso2223/DAW/daw2223a21/agroware/vendor/laravel/framework/src/Illuminate/Database/Query/Builder.php(2707): Illuminate\\Database\\Query\\Builder->runSelect()
#13 /var/www/clients/client0/web4/web/alumnado/curso2223/DAW/daw2223a21/agroware/vendor/laravel/framework/src/Illuminate/Database/Query/Builder.php(3247): Illuminate\\Database\\Query\\Builder->Illuminate\\Database\\Query\\{closure}()
#14 /var/www/clients/client0/web4/web/alumnado/curso2223/DAW/daw2223a21/agroware/vendor/laravel/framework/src/Illuminate/Database/Query/Builder.php(2708): Illuminate\\Database\\Query\\Builder->onceWithColumns()
#15 /var/www/clients/client0/web4/web/alumnado/curso2223/DAW/daw2223a21/agroware/vendor/laravel/framework/src/Illuminate/Database/Query/Builder.php(3174): Illuminate\\Database\\Query\\Builder->get()
#16 /var/www/clients/client0/web4/web/alumnado/curso2223/DAW/daw2223a21/agroware/vendor/laravel/framework/src/Illuminate/Database/Query/Builder.php(3102): Illuminate\\Database\\Query\\Builder->aggregate()
#17 /var/www/clients/client0/web4/web/alumnado/curso2223/DAW/daw2223a21/agroware/vendor/laravel/framework/src/Illuminate/Validation/DatabasePresenceVerifier.php(54): Illuminate\\Database\\Query\\Builder->count()
#18 /var/www/clients/client0/web4/web/alumnado/curso2223/DAW/daw2223a21/agroware/vendor/laravel/framework/src/Illuminate/Validation/Concerns/ValidatesAttributes.php(880): Illuminate\\Validation\\DatabasePresenceVerifier->getCount()
#19 /var/www/clients/client0/web4/web/alumnado/curso2223/DAW/daw2223a21/agroware/vendor/laravel/framework/src/Illuminate/Validation/Concerns/ValidatesAttributes.php(852): Illuminate\\Validation\\Validator->getExistCount()
#20 /var/www/clients/client0/web4/web/alumnado/curso2223/DAW/daw2223a21/agroware/vendor/laravel/framework/src/Illuminate/Validation/Validator.php(616): Illuminate\\Validation\\Validator->validateExists()
#21 /var/www/clients/client0/web4/web/alumnado/curso2223/DAW/daw2223a21/agroware/vendor/laravel/framework/src/Illuminate/Validation/Validator.php(422): Illuminate\\Validation\\Validator->validateAttribute()
#22 /var/www/clients/client0/web4/web/alumnado/curso2223/DAW/daw2223a21/agroware/vendor/laravel/framework/src/Illuminate/Validation/Validator.php(453): Illuminate\\Validation\\Validator->passes()
#23 /var/www/clients/client0/web4/web/alumnado/curso2223/DAW/daw2223a21/agroware/vendor/laravel/framework/src/Illuminate/Validation/Validator.php(495): Illuminate\\Validation\\Validator->fails()
#24 /var/www/clients/client0/web4/web/alumnado/curso2223/DAW/daw2223a21/agroware/vendor/laravel/framework/src/Illuminate/Foundation/Providers/FoundationServiceProvider.php(122): Illuminate\\Validation\\Validator->validate()
#25 /var/www/clients/client0/web4/web/alumnado/curso2223/DAW/daw2223a21/agroware/vendor/laravel/framework/src/Illuminate/Macroable/Traits/Macroable.php(124): Illuminate\\Http\\Request->Illuminate\\Foundation\\Providers\\{closure}()
#26 /var/www/clients/client0/web4/web/alumnado/curso2223/DAW/daw2223a21/agroware/app/Http/Controllers/SessionsController.php(18): Illuminate\\Http\\Request->__call()
#27 /var/www/clients/client0/web4/web/alumnado/curso2223/DAW/daw2223a21/agroware/vendor/laravel/framework/src/Illuminate/Routing/Controller.php(54): App\\Http\\Controllers\\SessionsController->store()
#28 /var/www/clients/client0/web4/web/alumnado/curso2223/DAW/daw2223a21/agroware/vendor/laravel/framework/src/Illuminate/Routing/ControllerDispatcher.php(43): Illuminate\\Routing\\Controller->callAction()
#29 /var/www/clients/client0/web4/web/alumnado/curso2223/DAW/daw2223a21/agroware/vendor/laravel/framework/src/Illuminate/Routing/Route.php(260): Illuminate\\Routing\\ControllerDispatcher->dispatch()
#30 /var/www/clients/client0/web4/web/alumnado/curso2223/DAW/daw2223a21/agroware/vendor/laravel/framework/src/Illuminate/Routing/Route.php(205): Illuminate\\Routing\\Route->runController()
#31 /var/www/clients/client0/web4/web/alumnado/curso2223/DAW/daw2223a21/agroware/vendor/laravel/framework/src/Illuminate/Routing/Router.php(798): Illuminate\\Routing\\Route->run()
#32 /var/www/clients/client0/web4/web/alumnado/curso2223/DAW/daw2223a21/agroware/vendor/laravel/framework/src/Illuminate/Pipeline/Pipeline.php(141): Illuminate\\Routing\\Router->Illuminate\\Routing\\{closure}()
#33 /var/www/clients/client0/web4/web/alumnado/curso2223/DAW/daw2223a21/agroware/app/Http/Middleware/RedirectIfAuthenticated.php(28): Illuminate\\Pipeline\\Pipeline->Illuminate\\Pipeline\\{closure}()
#34 /var/www/clients/client0/web4/web/alumnado/curso2223/DAW/daw2223a21/agroware/vendor/laravel/framework/src/Illuminate/Pipeline/Pipeline.php(180): App\\Http\\Middleware\\RedirectIfAuthenticated->handle()
#35 /var/www/clients/client0/web4/web/alumnado/curso2223/DAW/daw2223a21/agroware/app/Http/Middleware/SetLocale.php(22): Illuminate\\Pipeline\\Pipeline->Illuminate\\Pipeline\\{closure}()
#36 /var/www/clients/client0/web4/web/alumnado/curso2223/DAW/daw2223a21/agroware/vendor/laravel/framework/src/Illuminate/Pipeline/Pipeline.php(180): App\\Http\\Middleware\\SetLocale->handle()
#37 /var/www/clients/client0/web4/web/alumnado/curso2223/DAW/daw2223a21/agroware/vendor/laravel/framework/src/Illuminate/Routing/Middleware/SubstituteBindings.php(50): Illuminate\\Pipeline\\Pipeline->Illuminate\\Pipeline\\{closure}()
#38 /var/www/clients/client0/web4/web/alumnado/curso2223/DAW/daw2223a21/agroware/vendor/laravel/framework/src/Illuminate/Pipeline/Pipeline.php(180): Illuminate\\Routing\\Middleware\\SubstituteBindings->handle()
#39 /var/www/clients/client0/web4/web/alumnado/curso2223/DAW/daw2223a21/agroware/vendor/laravel/framework/src/Illuminate/Foundation/Http/Middleware/VerifyCsrfToken.php(78): Illuminate\\Pipeline\\Pipeline->Illuminate\\Pipeline\\{closure}()
#40 /var/www/clients/client0/web4/web/alumnado/curso2223/DAW/daw2223a21/agroware/vendor/laravel/framework/src/Illuminate/Pipeline/Pipeline.php(180): Illuminate\\Foundation\\Http\\Middleware\\VerifyCsrfToken->handle()
#41 /var/www/clients/client0/web4/web/alumnado/curso2223/DAW/daw2223a21/agroware/vendor/laravel/framework/src/Illuminate/View/Middleware/ShareErrorsFromSession.php(49): Illuminate\\Pipeline\\Pipeline->Illuminate\\Pipeline\\{closure}()
#42 /var/www/clients/client0/web4/web/alumnado/curso2223/DAW/daw2223a21/agroware/vendor/laravel/framework/src/Illuminate/Pipeline/Pipeline.php(180): Illuminate\\View\\Middleware\\ShareErrorsFromSession->handle()
#43 /var/www/clients/client0/web4/web/alumnado/curso2223/DAW/daw2223a21/agroware/vendor/laravel/framework/src/Illuminate/Session/Middleware/StartSession.php(121): Illuminate\\Pipeline\\Pipeline->Illuminate\\Pipeline\\{closure}()
#44 /var/www/clients/client0/web4/web/alumnado/curso2223/DAW/daw2223a21/agroware/vendor/laravel/framework/src/Illuminate/Session/Middleware/StartSession.php(64): Illuminate\\Session\\Middleware\\StartSession->handleStatefulRequest()
#45 /var/www/clients/client0/web4/web/alumnado/curso2223/DAW/daw2223a21/agroware/vendor/laravel/framework/src/Illuminate/Pipeline/Pipeline.php(180): Illuminate\\Session\\Middleware\\StartSession->handle()
#46 /var/www/clients/client0/web4/web/alumnado/curso2223/DAW/daw2223a21/agroware/vendor/laravel/framework/src/Illuminate/Cookie/Middleware/AddQueuedCookiesToResponse.php(37): Illuminate\\Pipeline\\Pipeline->Illuminate\\Pipeline\\{closure}()
#47 /var/www/clients/client0/web4/web/alumnado/curso2223/DAW/daw2223a21/agroware/vendor/laravel/framework/src/Illuminate/Pipeline/Pipeline.php(180): Illuminate\\Cookie\\Middleware\\AddQueuedCookiesToResponse->handle()
#48 /var/www/clients/client0/web4/web/alumnado/curso2223/DAW/daw2223a21/agroware/vendor/laravel/framework/src/Illuminate/Cookie/Middleware/EncryptCookies.php(67): Illuminate\\Pipeline\\Pipeline->Illuminate\\Pipeline\\{closure}()
#49 /var/www/clients/client0/web4/web/alumnado/curso2223/DAW/daw2223a21/agroware/vendor/laravel/framework/src/Illuminate/Pipeline/Pipeline.php(180): Illuminate\\Cookie\\Middleware\\EncryptCookies->handle()
#50 /var/www/clients/client0/web4/web/alumnado/curso2223/DAW/daw2223a21/agroware/vendor/laravel/framework/src/Illuminate/Pipeline/Pipeline.php(116): Illuminate\\Pipeline\\Pipeline->Illuminate\\Pipeline\\{closure}()
#51 /var/www/clients/client0/web4/web/alumnado/curso2223/DAW/daw2223a21/agroware/vendor/laravel/framework/src/Illuminate/Routing/Router.php(799): Illuminate\\Pipeline\\Pipeline->then()
#52 /var/www/clients/client0/web4/web/alumnado/curso2223/DAW/daw2223a21/agroware/vendor/laravel/framework/src/Illuminate/Routing/Router.php(776): Illuminate\\Routing\\Router->runRouteWithinStack()
#53 /var/www/clients/client0/web4/web/alumnado/curso2223/DAW/daw2223a21/agroware/vendor/laravel/framework/src/Illuminate/Routing/Router.php(740): Illuminate\\Routing\\Router->runRoute()
#54 /var/www/clients/client0/web4/web/alumnado/curso2223/DAW/daw2223a21/agroware/vendor/laravel/framework/src/Illuminate/Routing/Router.php(729): Illuminate\\Routing\\Router->dispatchToRoute()
#55 /var/www/clients/client0/web4/web/alumnado/curso2223/DAW/daw2223a21/agroware/vendor/laravel/framework/src/Illuminate/Foundation/Http/Kernel.php(200): Illuminate\\Routing\\Router->dispatch()
#56 /var/www/clients/client0/web4/web/alumnado/curso2223/DAW/daw2223a21/agroware/vendor/laravel/framework/src/Illuminate/Pipeline/Pipeline.php(141): Illuminate\\Foundation\\Http\\Kernel->Illuminate\\Foundation\\Http\\{closure}()
#57 /var/www/clients/client0/web4/web/alumnado/curso2223/DAW/daw2223a21/agroware/vendor/laravel/framework/src/Illuminate/Foundation/Http/Middleware/TransformsRequest.php(21): Illuminate\\Pipeline\\Pipeline->Illuminate\\Pipeline\\{closure}()
#58 /var/www/clients/client0/web4/web/alumnado/curso2223/DAW/daw2223a21/agroware/vendor/laravel/framework/src/Illuminate/Foundation/Http/Middleware/ConvertEmptyStringsToNull.php(31): Illuminate\\Foundation\\Http\\Middleware\\TransformsRequest->handle()
#59 /var/www/clients/client0/web4/web/alumnado/curso2223/DAW/daw2223a21/agroware/vendor/laravel/framework/src/Illuminate/Pipeline/Pipeline.php(180): Illuminate\\Foundation\\Http\\Middleware\\ConvertEmptyStringsToNull->handle()
#60 /var/www/clients/client0/web4/web/alumnado/curso2223/DAW/daw2223a21/agroware/vendor/laravel/framework/src/Illuminate/Foundation/Http/Middleware/TransformsRequest.php(21): Illuminate\\Pipeline\\Pipeline->Illuminate\\Pipeline\\{closure}()
#61 /var/www/clients/client0/web4/web/alumnado/curso2223/DAW/daw2223a21/agroware/vendor/laravel/framework/src/Illuminate/Foundation/Http/Middleware/TrimStrings.php(40): Illuminate\\Foundation\\Http\\Middleware\\TransformsRequest->handle()
#62 /var/www/clients/client0/web4/web/alumnado/curso2223/DAW/daw2223a21/agroware/vendor/laravel/framework/src/Illuminate/Pipeline/Pipeline.php(180): Illuminate\\Foundation\\Http\\Middleware\\TrimStrings->handle()
#63 /var/www/clients/client0/web4/web/alumnado/curso2223/DAW/daw2223a21/agroware/vendor/laravel/framework/src/Illuminate/Foundation/Http/Middleware/ValidatePostSize.php(27): Illuminate\\Pipeline\\Pipeline->Illuminate\\Pipeline\\{closure}()
#64 /var/www/clients/client0/web4/web/alumnado/curso2223/DAW/daw2223a21/agroware/vendor/laravel/framework/src/Illuminate/Pipeline/Pipeline.php(180): Illuminate\\Foundation\\Http\\Middleware\\ValidatePostSize->handle()
#65 /var/www/clients/client0/web4/web/alumnado/curso2223/DAW/daw2223a21/agroware/vendor/laravel/framework/src/Illuminate/Foundation/Http/Middleware/PreventRequestsDuringMaintenance.php(86): Illuminate\\Pipeline\\Pipeline->Illuminate\\Pipeline\\{closure}()
#66 /var/www/clients/client0/web4/web/alumnado/curso2223/DAW/daw2223a21/agroware/vendor/laravel/framework/src/Illuminate/Pipeline/Pipeline.php(180): Illuminate\\Foundation\\Http\\Middleware\\PreventRequestsDuringMaintenance->handle()
#67 /var/www/clients/client0/web4/web/alumnado/curso2223/DAW/daw2223a21/agroware/vendor/laravel/framework/src/Illuminate/Http/Middleware/HandleCors.php(49): Illuminate\\Pipeline\\Pipeline->Illuminate\\Pipeline\\{closure}()
#68 /var/www/clients/client0/web4/web/alumnado/curso2223/DAW/daw2223a21/agroware/vendor/laravel/framework/src/Illuminate/Pipeline/Pipeline.php(180): Illuminate\\Http\\Middleware\\HandleCors->handle()
#69 /var/www/clients/client0/web4/web/alumnado/curso2223/DAW/daw2223a21/agroware/vendor/laravel/framework/src/Illuminate/Http/Middleware/TrustProxies.php(39): Illuminate\\Pipeline\\Pipeline->Illuminate\\Pipeline\\{closure}()
#70 /var/www/clients/client0/web4/web/alumnado/curso2223/DAW/daw2223a21/agroware/vendor/laravel/framework/src/Illuminate/Pipeline/Pipeline.php(180): Illuminate\\Http\\Middleware\\TrustProxies->handle()
#71 /var/www/clients/client0/web4/web/alumnado/curso2223/DAW/daw2223a21/agroware/vendor/laravel/framework/src/Illuminate/Pipeline/Pipeline.php(116): Illuminate\\Pipeline\\Pipeline->Illuminate\\Pipeline\\{closure}()
#72 /var/www/clients/client0/web4/web/alumnado/curso2223/DAW/daw2223a21/agroware/vendor/laravel/framework/src/Illuminate/Foundation/Http/Kernel.php(175): Illuminate\\Pipeline\\Pipeline->then()
#73 /var/www/clients/client0/web4/web/alumnado/curso2223/DAW/daw2223a21/agroware/vendor/laravel/framework/src/Illuminate/Foundation/Http/Kernel.php(144): Illuminate\\Foundation\\Http\\Kernel->sendRequestThroughRouter()
#74 /var/www/clients/client0/web4/web/alumnado/curso2223/DAW/daw2223a21/agroware/public/index.php(52): Illuminate\\Foundation\\Http\\Kernel->handle()
#75 {main}
"} 
